2025/02/26 14:16:05 [emerg] 1#1: unknown directive "rewrite_by_lua_block" in /etc/nginx/conf.d/proxy.conf:40
2025/02/26 14:16:10 [emerg] 1#1: unknown directive "rewrite_by_lua_block" in /etc/nginx/conf.d/proxy.conf:40
2025/02/26 14:16:15 [emerg] 1#1: unknown directive "rewrite_by_lua_block" in /etc/nginx/conf.d/proxy.conf:40
2025/02/26 14:16:18 [emerg] 1#1: unknown directive "rewrite_by_lua_block" in /etc/nginx/conf.d/proxy.conf:40
2025/02/26 14:16:19 [emerg] 1#1: unknown directive "rewrite_by_lua_block" in /etc/nginx/conf.d/proxy.conf:40
2025/02/26 14:16:22 [emerg] 1#1: unknown directive "rewrite_by_lua_block" in /etc/nginx/conf.d/proxy.conf:40
2025/02/26 14:16:25 [emerg] 1#1: unknown directive "rewrite_by_lua_block" in /etc/nginx/conf.d/proxy.conf:40
2025/02/26 14:16:32 [emerg] 1#1: unknown directive "rewrite_by_lua_block" in /etc/nginx/conf.d/proxy.conf:40
2025/02/26 14:16:46 [emerg] 1#1: unknown directive "rewrite_by_lua_block" in /etc/nginx/conf.d/proxy.conf:40
2025/02/26 14:17:12 [emerg] 1#1: unknown directive "rewrite_by_lua_block" in /etc/nginx/conf.d/proxy.conf:40
2025/02/26 14:18:09 [emerg] 1#1: getpwnam("nginx") failed in /usr/local/openresty/nginx/conf/nginx.conf:1
2025/02/26 14:18:13 [emerg] 1#1: getpwnam("nginx") failed in /usr/local/openresty/nginx/conf/nginx.conf:1
2025/02/26 14:18:15 [emerg] 1#1: getpwnam("nginx") failed in /usr/local/openresty/nginx/conf/nginx.conf:1
2025/02/26 14:18:16 [emerg] 1#1: getpwnam("nginx") failed in /usr/local/openresty/nginx/conf/nginx.conf:1
2025/02/26 14:18:17 [emerg] 1#1: getpwnam("nginx") failed in /usr/local/openresty/nginx/conf/nginx.conf:1
2025/02/26 14:18:19 [emerg] 1#1: getpwnam("nginx") failed in /usr/local/openresty/nginx/conf/nginx.conf:1
2025/02/26 14:18:23 [emerg] 1#1: getpwnam("nginx") failed in /usr/local/openresty/nginx/conf/nginx.conf:1
2025/02/26 14:18:30 [emerg] 1#1: getpwnam("nginx") failed in /usr/local/openresty/nginx/conf/nginx.conf:1
2025/02/26 14:18:43 [emerg] 1#1: getpwnam("nginx") failed in /usr/local/openresty/nginx/conf/nginx.conf:1
2025/02/26 14:19:09 [emerg] 1#1: getpwnam("nginx") failed in /usr/local/openresty/nginx/conf/nginx.conf:1
2025/02/26 14:20:01 [notice] 1#1: using the "epoll" event method
2025/02/26 14:20:01 [notice] 1#1: openresty/1.27.1.1
2025/02/26 14:20:01 [notice] 1#1: built by gcc 14.2.0 (Alpine 14.2.0) 
2025/02/26 14:20:01 [notice] 1#1: OS: Linux 6.12.15-orbstack-00304-gd0ddcf70447d
2025/02/26 14:20:01 [notice] 1#1: getrlimit(RLIMIT_NOFILE): 1048576:1048576
2025/02/26 14:20:01 [notice] 1#1: start worker processes
2025/02/26 14:20:01 [notice] 1#1: start worker process 7
2025/02/26 14:20:01 [notice] 1#1: start worker process 8
2025/02/26 14:20:01 [notice] 1#1: start worker process 9
2025/02/26 14:20:01 [notice] 1#1: start worker process 10
2025/02/26 14:20:01 [notice] 1#1: start worker process 11
2025/02/26 14:20:01 [notice] 1#1: start worker process 12
2025/02/26 14:20:01 [notice] 1#1: start worker process 13
2025/02/26 14:20:01 [notice] 1#1: start worker process 14
2025/02/26 14:20:15 [notice] 1#1: signal 3 (SIGQUIT) received, shutting down
2025/02/26 14:20:15 [notice] 7#7: gracefully shutting down
2025/02/26 14:20:15 [notice] 7#7: exiting
2025/02/26 14:20:15 [notice] 14#14: gracefully shutting down
2025/02/26 14:20:15 [notice] 8#8: gracefully shutting down
2025/02/26 14:20:15 [notice] 8#8: exiting
2025/02/26 14:20:15 [notice] 14#14: exiting
2025/02/26 14:20:15 [notice] 9#9: gracefully shutting down
2025/02/26 14:20:15 [notice] 9#9: exiting
2025/02/26 14:20:15 [notice] 10#10: gracefully shutting down
2025/02/26 14:20:15 [notice] 10#10: exiting
2025/02/26 14:20:15 [notice] 10#10: exit
2025/02/26 14:20:15 [notice] 11#11: gracefully shutting down
2025/02/26 14:20:15 [notice] 11#11: exiting
2025/02/26 14:20:15 [notice] 12#12: gracefully shutting down
2025/02/26 14:20:15 [notice] 12#12: exiting
2025/02/26 14:20:15 [notice] 12#12: exit
2025/02/26 14:20:15 [notice] 7#7: exit
2025/02/26 14:20:15 [notice] 11#11: exit
2025/02/26 14:20:15 [notice] 13#13: gracefully shutting down
2025/02/26 14:20:15 [notice] 13#13: exiting
2025/02/26 14:20:15 [notice] 14#14: exit
2025/02/26 14:20:15 [notice] 1#1: signal 17 (SIGCHLD) received from 10
2025/02/26 14:20:15 [notice] 1#1: worker process 10 exited with code 0
2025/02/26 14:20:15 [notice] 1#1: worker process 11 exited with code 0
2025/02/26 14:20:15 [notice] 1#1: worker process 14 exited with code 0
2025/02/26 14:20:15 [notice] 1#1: signal 29 (SIGIO) received
2025/02/26 14:20:15 [notice] 9#9: exit
2025/02/26 14:20:15 [notice] 1#1: signal 17 (SIGCHLD) received from 7
2025/02/26 14:20:15 [notice] 1#1: worker process 7 exited with code 0
2025/02/26 14:20:15 [notice] 1#1: worker process 9 exited with code 0
2025/02/26 14:20:15 [notice] 1#1: signal 29 (SIGIO) received
2025/02/26 14:20:15 [notice] 1#1: signal 17 (SIGCHLD) received from 12
2025/02/26 14:20:15 [notice] 1#1: worker process 12 exited with code 0
2025/02/26 14:20:15 [notice] 1#1: signal 29 (SIGIO) received
2025/02/26 14:20:15 [notice] 8#8: exit
2025/02/26 14:20:15 [notice] 1#1: signal 17 (SIGCHLD) received from 8
2025/02/26 14:20:15 [notice] 1#1: worker process 8 exited with code 0
2025/02/26 14:20:15 [notice] 1#1: signal 29 (SIGIO) received
2025/02/26 14:20:15 [notice] 13#13: exit
2025/02/26 14:20:15 [notice] 1#1: signal 17 (SIGCHLD) received from 13
2025/02/26 14:20:15 [notice] 1#1: worker process 13 exited with code 0
2025/02/26 14:20:15 [notice] 1#1: exit
2025/02/26 14:20:20 [notice] 1#1: using the "epoll" event method
2025/02/26 14:20:20 [notice] 1#1: openresty/1.27.1.1
2025/02/26 14:20:20 [notice] 1#1: built by gcc 14.2.0 (Alpine 14.2.0) 
2025/02/26 14:20:20 [notice] 1#1: OS: Linux 6.12.15-orbstack-00304-gd0ddcf70447d
2025/02/26 14:20:20 [notice] 1#1: getrlimit(RLIMIT_NOFILE): 1048576:1048576
2025/02/26 14:20:20 [notice] 1#1: start worker processes
2025/02/26 14:20:20 [notice] 1#1: start worker process 6
2025/02/26 14:20:20 [notice] 1#1: start worker process 7
2025/02/26 14:20:20 [notice] 1#1: start worker process 8
2025/02/26 14:20:20 [notice] 1#1: start worker process 9
2025/02/26 14:20:20 [notice] 1#1: start worker process 10
2025/02/26 14:20:20 [notice] 1#1: start worker process 11
2025/02/26 14:20:20 [notice] 1#1: start worker process 12
2025/02/26 14:20:20 [notice] 1#1: start worker process 13
2025/02/26 14:31:32 [notice] 1#1: signal 3 (SIGQUIT) received, shutting down
2025/02/26 14:31:32 [notice] 10#10: gracefully shutting down
2025/02/26 14:31:32 [notice] 7#7: gracefully shutting down
2025/02/26 14:31:32 [notice] 10#10: exiting
2025/02/26 14:31:32 [notice] 7#7: exiting
2025/02/26 14:31:32 [notice] 6#6: gracefully shutting down
2025/02/26 14:31:32 [notice] 11#11: gracefully shutting down
2025/02/26 14:31:32 [notice] 11#11: exiting
2025/02/26 14:31:32 [notice] 12#12: gracefully shutting down
2025/02/26 14:31:32 [notice] 6#6: exiting
2025/02/26 14:31:32 [notice] 9#9: gracefully shutting down
2025/02/26 14:31:32 [notice] 8#8: gracefully shutting down
2025/02/26 14:31:32 [notice] 12#12: exiting
2025/02/26 14:31:32 [notice] 13#13: gracefully shutting down
2025/02/26 14:31:32 [notice] 9#9: exiting
2025/02/26 14:31:32 [notice] 8#8: exiting
2025/02/26 14:31:32 [notice] 13#13: exiting
2025/02/26 14:31:32 [notice] 6#6: exit
2025/02/26 14:31:32 [notice] 9#9: exit
2025/02/26 14:31:32 [notice] 12#12: exit
2025/02/26 14:31:32 [notice] 11#11: exit
2025/02/26 14:31:32 [notice] 10#10: exit
2025/02/26 14:31:32 [notice] 8#8: exit
2025/02/26 14:31:32 [notice] 13#13: exit
2025/02/26 14:31:32 [notice] 7#7: exit
2025/02/26 14:31:32 [notice] 1#1: signal 17 (SIGCHLD) received from 11
2025/02/26 14:31:32 [notice] 1#1: worker process 6 exited with code 0
2025/02/26 14:31:32 [notice] 1#1: worker process 8 exited with code 0
2025/02/26 14:31:32 [notice] 1#1: worker process 11 exited with code 0
2025/02/26 14:31:32 [notice] 1#1: worker process 13 exited with code 0
2025/02/26 14:31:32 [notice] 1#1: signal 29 (SIGIO) received
2025/02/26 14:31:32 [notice] 1#1: signal 17 (SIGCHLD) received from 12
2025/02/26 14:31:32 [notice] 1#1: worker process 9 exited with code 0
2025/02/26 14:31:32 [notice] 1#1: worker process 12 exited with code 0
2025/02/26 14:31:32 [notice] 1#1: signal 29 (SIGIO) received
2025/02/26 14:31:32 [notice] 1#1: signal 17 (SIGCHLD) received from 9
2025/02/26 14:31:32 [notice] 1#1: signal 17 (SIGCHLD) received from 10
2025/02/26 14:31:32 [notice] 1#1: worker process 10 exited with code 0
2025/02/26 14:31:32 [notice] 1#1: signal 17 (SIGCHLD) received from 7
2025/02/26 14:31:32 [notice] 1#1: worker process 7 exited with code 0
2025/02/26 14:31:32 [notice] 1#1: exit
2025/02/26 14:31:33 [notice] 1#1: using the "epoll" event method
2025/02/26 14:31:33 [notice] 1#1: openresty/1.27.1.1
2025/02/26 14:31:33 [notice] 1#1: built by gcc 14.2.0 (Alpine 14.2.0) 
2025/02/26 14:31:33 [notice] 1#1: OS: Linux 6.12.15-orbstack-00304-gd0ddcf70447d
2025/02/26 14:31:33 [notice] 1#1: getrlimit(RLIMIT_NOFILE): 1048576:1048576
2025/02/26 14:31:33 [notice] 1#1: start worker processes
2025/02/26 14:31:33 [notice] 1#1: start worker process 7
2025/02/26 14:31:33 [notice] 1#1: start worker process 8
2025/02/26 14:31:33 [notice] 1#1: start worker process 9
2025/02/26 14:31:33 [notice] 1#1: start worker process 10
2025/02/26 14:31:33 [notice] 1#1: start worker process 11
2025/02/26 14:31:33 [notice] 1#1: start worker process 12
2025/02/26 14:31:33 [notice] 1#1: start worker process 13
2025/02/26 14:31:33 [notice] 1#1: start worker process 14
2025/02/26 14:44:17 [notice] 1#1: signal 3 (SIGQUIT) received, shutting down
2025/02/26 14:44:17 [notice] 9#9: gracefully shutting down
2025/02/26 14:44:17 [notice] 7#7: gracefully shutting down
2025/02/26 14:44:17 [notice] 10#10: gracefully shutting down
2025/02/26 14:44:17 [notice] 8#8: gracefully shutting down
2025/02/26 14:44:17 [notice] 14#14: gracefully shutting down
2025/02/26 14:44:17 [notice] 13#13: gracefully shutting down
2025/02/26 14:44:17 [notice] 14#14: exiting
2025/02/26 14:44:17 [notice] 9#9: exiting
2025/02/26 14:44:17 [notice] 8#8: exiting
2025/02/26 14:44:17 [notice] 10#10: exiting
2025/02/26 14:44:17 [notice] 7#7: exiting
2025/02/26 14:44:17 [notice] 13#13: exiting
2025/02/26 14:44:17 [notice] 11#11: gracefully shutting down
2025/02/26 14:44:17 [notice] 11#11: exiting
2025/02/26 14:44:17 [notice] 12#12: gracefully shutting down
2025/02/26 14:44:17 [notice] 12#12: exiting
2025/02/26 14:44:17 [notice] 11#11: exit
2025/02/26 14:44:17 [notice] 14#14: exit
2025/02/26 14:44:17 [notice] 10#10: exit
2025/02/26 14:44:17 [notice] 8#8: exit
2025/02/26 14:44:17 [notice] 12#12: exit
2025/02/26 14:44:17 [notice] 7#7: exit
2025/02/26 14:44:17 [notice] 9#9: exit
2025/02/26 14:44:17 [notice] 13#13: exit
2025/02/26 14:44:17 [notice] 1#1: signal 17 (SIGCHLD) received from 12
2025/02/26 14:44:17 [notice] 1#1: worker process 7 exited with code 0
2025/02/26 14:44:17 [notice] 1#1: worker process 9 exited with code 0
2025/02/26 14:44:17 [notice] 1#1: worker process 10 exited with code 0
2025/02/26 14:44:17 [notice] 1#1: worker process 11 exited with code 0
2025/02/26 14:44:17 [notice] 1#1: worker process 12 exited with code 0
2025/02/26 14:44:17 [notice] 1#1: worker process 13 exited with code 0
2025/02/26 14:44:17 [notice] 1#1: worker process 14 exited with code 0
2025/02/26 14:44:17 [notice] 1#1: signal 29 (SIGIO) received
2025/02/26 14:44:17 [notice] 1#1: signal 17 (SIGCHLD) received from 8
2025/02/26 14:44:17 [notice] 1#1: worker process 8 exited with code 0
2025/02/26 14:44:17 [notice] 1#1: exit
2025/02/26 14:44:18 [notice] 1#1: using the "epoll" event method
2025/02/26 14:44:18 [notice] 1#1: openresty/1.27.1.1
2025/02/26 14:44:18 [notice] 1#1: built by gcc 14.2.0 (Alpine 14.2.0) 
2025/02/26 14:44:18 [notice] 1#1: OS: Linux 6.12.15-orbstack-00304-gd0ddcf70447d
2025/02/26 14:44:18 [notice] 1#1: getrlimit(RLIMIT_NOFILE): 1048576:1048576
2025/02/26 14:44:18 [notice] 1#1: start worker processes
2025/02/26 14:44:18 [notice] 1#1: start worker process 7
2025/02/26 14:44:18 [notice] 1#1: start worker process 8
2025/02/26 14:44:18 [notice] 1#1: start worker process 9
2025/02/26 14:44:18 [notice] 1#1: start worker process 10
2025/02/26 14:44:18 [notice] 1#1: start worker process 11
2025/02/26 14:44:18 [notice] 1#1: start worker process 12
2025/02/26 14:44:18 [notice] 1#1: start worker process 13
2025/02/26 14:44:18 [notice] 1#1: start worker process 14
2025/02/26 14:53:10 [notice] 1#1: signal 3 (SIGQUIT) received, shutting down
2025/02/26 14:53:10 [notice] 7#7: gracefully shutting down
2025/02/26 14:53:10 [notice] 7#7: exiting
2025/02/26 14:53:10 [notice] 11#11: gracefully shutting down
2025/02/26 14:53:10 [notice] 10#10: gracefully shutting down
2025/02/26 14:53:10 [notice] 11#11: exiting
2025/02/26 14:53:10 [notice] 12#12: gracefully shutting down
2025/02/26 14:53:10 [notice] 12#12: exiting
2025/02/26 14:53:10 [notice] 10#10: exiting
2025/02/26 14:53:10 [notice] 14#14: gracefully shutting down
2025/02/26 14:53:10 [notice] 14#14: exiting
2025/02/26 14:53:10 [notice] 9#9: gracefully shutting down
2025/02/26 14:53:10 [notice] 9#9: exiting
2025/02/26 14:53:10 [notice] 13#13: gracefully shutting down
2025/02/26 14:53:10 [notice] 13#13: exiting
2025/02/26 14:53:10 [notice] 8#8: gracefully shutting down
2025/02/26 14:53:10 [notice] 8#8: exiting
2025/02/26 14:53:10 [notice] 11#11: exit
2025/02/26 14:53:10 [notice] 14#14: exit
2025/02/26 14:53:10 [notice] 13#13: exit
2025/02/26 14:53:10 [notice] 10#10: exit
2025/02/26 14:53:10 [notice] 8#8: exit
2025/02/26 14:53:10 [notice] 7#7: exit
2025/02/26 14:53:10 [notice] 12#12: exit
2025/02/26 14:53:10 [notice] 9#9: exit
2025/02/26 14:53:11 [notice] 1#1: signal 17 (SIGCHLD) received from 10
2025/02/26 14:53:11 [notice] 1#1: worker process 8 exited with code 0
2025/02/26 14:53:11 [notice] 1#1: worker process 10 exited with code 0
2025/02/26 14:53:11 [notice] 1#1: signal 29 (SIGIO) received
2025/02/26 14:53:11 [notice] 1#1: signal 17 (SIGCHLD) received from 12
2025/02/26 14:53:11 [notice] 1#1: worker process 7 exited with code 0
2025/02/26 14:53:11 [notice] 1#1: worker process 9 exited with code 0
2025/02/26 14:53:11 [notice] 1#1: worker process 11 exited with code 0
2025/02/26 14:53:11 [notice] 1#1: worker process 12 exited with code 0
2025/02/26 14:53:11 [notice] 1#1: worker process 13 exited with code 0
2025/02/26 14:53:11 [notice] 1#1: worker process 14 exited with code 0
2025/02/26 14:53:11 [notice] 1#1: exit
